<?xml version="1.0" encoding="UTF-8"?>
<!-- Generated by org.testng.reporters.JUnitReportReporter -->
<testsuite hostname="INBook_X1" failures="0" tests="1" name="runner.mainApp" time="4.885" errors="0" timestamp="2022-02-04T15:49:07 ICT" skipped="0">
  <testcase classname="runner.mainApp" name="testing" time="4.885"/>
  <system-out/>
</testsuite> <!-- runner.mainApp -->
